<?xml version="1.0" encoding="UTF-8"?>
<!-- Generated by org.testng.reporters.JUnitXMLReporter -->
<testsuite ignored="0" hostname="QT-INNO-LT0926" failures="0" tests="3" name="Default test" time="40.315" errors="0" timestamp="2021-09-13T22:10:00 IST">
  <testcase classname="com.sample.DemoProject.Demologin" name="Test00" time="0.204"/>
  <testcase classname="com.sample.DemoProject.Demologin" name="Test01" time="21.503"/>
  <testcase classname="com.sample.DemoProject.Demologin" name="Test02" time="4.509"/>
</testsuite> <!-- Default test -->
