<?xml version="1.0" encoding="UTF-8"?>
<!-- Generated by org.testng.reporters.JUnitXMLReporter -->
<testsuite ignored="2" hostname="QT-INNO-LT0926" failures="0" tests="1" name="Default test(failed)(failed)" time="30.564" errors="0" timestamp="2021-09-13T22:02:54 IST">
  <testcase classname="com.sample.DemoProject.Demologin" name="Test02" time="4.532"/>
  <testcase classname="com.sample.DemoProject.Demologin" name="Test01" time="0.0">
    <ignored/>
  </testcase> <!-- Test01 -->
  <testcase classname="com.sample.DemoProject.Demologin" name="Test00" time="0.0">
    <ignored/>
  </testcase> <!-- Test00 -->
</testsuite> <!-- Default test(failed)(failed) -->
