<?xml version="1.0" encoding="UTF-8"?>
<testng-results ignored="0" total="2" passed="2" failed="0" skipped="0">
  <reporter-output>
  </reporter-output>
  <suite started-at="2021-09-09T13:18:21 IST" name="Default suite" finished-at="2021-09-09T13:18:43 IST" duration-ms="22052">
    <groups>
    </groups>
    <test started-at="2021-09-09T13:18:21 IST" name="Default test" finished-at="2021-09-09T13:18:43 IST" duration-ms="22052">
      <class name="com.sample.DemoProject.Frames">
        <test-method is-config="true" signature="initiate()[pri:0, instance:com.sample.DemoProject.Frames@3c130745]" started-at="2021-09-09T13:18:21 IST" name="initiate" finished-at="2021-09-09T13:18:35 IST" duration-ms="13623" status="PASS">
          <reporter-output>
          </reporter-output>
        </test-method> <!-- initiate -->
        <test-method signature="Test01()[pri:0, instance:com.sample.DemoProject.Frames@3c130745]" started-at="2021-09-09T13:18:35 IST" name="Test01" finished-at="2021-09-09T13:18:39 IST" duration-ms="4167" status="PASS">
          <reporter-output>
          </reporter-output>
        </test-method> <!-- Test01 -->
        <test-method signature="Test02()[pri:0, instance:com.sample.DemoProject.Frames@3c130745]" started-at="2021-09-09T13:18:39 IST" name="Test02" finished-at="2021-09-09T13:18:43 IST" duration-ms="4201" status="PASS">
          <reporter-output>
          </reporter-output>
        </test-method> <!-- Test02 -->
      </class> <!-- com.sample.DemoProject.Frames -->
    </test> <!-- Default test -->
  </suite> <!-- Default suite -->
</testng-results>
