<?xml version="1.0" encoding="UTF-8"?>
<testng-results ignored="0" total="3" passed="3" failed="0" skipped="0">
  <reporter-output>
  </reporter-output>
  <suite started-at="2021-09-13T22:09:20 IST" name="Default suite" finished-at="2021-09-13T22:10:00 IST" duration-ms="40315">
    <groups>
    </groups>
    <test started-at="2021-09-13T22:09:20 IST" name="Default test" finished-at="2021-09-13T22:10:00 IST" duration-ms="40315">
      <class name="com.sample.DemoProject.Demologin">
        <test-method is-config="true" signature="initiate()[pri:0, instance:com.sample.DemoProject.Demologin@470f1802]" started-at="2021-09-13T22:09:20 IST" name="initiate" finished-at="2021-09-13T22:09:34 IST" duration-ms="14022" status="PASS">
          <reporter-output>
          </reporter-output>
        </test-method> <!-- initiate -->
        <test-method signature="Test00()[pri:0, instance:com.sample.DemoProject.Demologin@470f1802]" started-at="2021-09-13T22:09:34 IST" name="Test00" finished-at="2021-09-13T22:09:34 IST" duration-ms="204" status="PASS">
          <reporter-output>
          </reporter-output>
        </test-method> <!-- Test00 -->
        <test-method signature="Test01()[pri:0, instance:com.sample.DemoProject.Demologin@470f1802]" started-at="2021-09-13T22:09:34 IST" name="Test01" finished-at="2021-09-13T22:09:56 IST" duration-ms="21503" status="PASS">
          <reporter-output>
          </reporter-output>
        </test-method> <!-- Test01 -->
        <test-method signature="Test02()[pri:0, instance:com.sample.DemoProject.Demologin@470f1802]" started-at="2021-09-13T22:09:56 IST" name="Test02" finished-at="2021-09-13T22:10:00 IST" duration-ms="4509" status="PASS">
          <reporter-output>
          </reporter-output>
        </test-method> <!-- Test02 -->
      </class> <!-- com.sample.DemoProject.Demologin -->
    </test> <!-- Default test -->
  </suite> <!-- Default suite -->
</testng-results>
